#-----------------------------------------------------------
# PlanAhead v14.7 (64-bit)
# Build 321239 by xbuild on Fri Sep 27 19:24:36 MDT 2013
# Start of session at: Sat Mar 11 17:17:02 2023
# Process ID: 8491
# Log file: /home/ise/Documents/LabSimulacaoRegMux7SegProj/planAhead_run_1/planAhead.log
# Journal file: /home/ise/Documents/LabSimulacaoRegMux7SegProj/planAhead_run_1/planAhead.jou
#-----------------------------------------------------------
INFO: [Common 17-78] Attempting to get a license: PlanAhead
INFO: [Common 17-290] Got license for PlanAhead
INFO: [Common 17-86] Your PlanAhead license expires in -2141 day(s)
INFO: [Device 21-36] Loading parts and site information from /opt/Xilinx/14.7/ISE_DS/PlanAhead/data/parts/arch.xml
Parsing RTL primitives file [/opt/Xilinx/14.7/ISE_DS/PlanAhead/data/parts/xilinx/rtl/prims/rtl_prims.xml]
Finished parsing RTL primitives file [/opt/Xilinx/14.7/ISE_DS/PlanAhead/data/parts/xilinx/rtl/prims/rtl_prims.xml]
start_gui
source /home/ise/Documents/LabSimulacaoRegMux7SegProj/pa.fromHdl.tcl
# create_project -name LabSimulacaoRegMux7SegProj -dir "/home/ise/Documents/LabSimulacaoRegMux7SegProj/planAhead_run_1" -part xc3s100ecp132-4
create_project: Time (s): cpu = 00:00:04 ; elapsed = 00:00:06 . Memory (MB): peak = 2644.734 ; gain = 25.172
# set_param project.pinAheadLayout yes
# set srcset [get_property srcset [current_run -impl]]
# set_property target_constrs_file "regmux7seg.ucf" [current_fileset -constrset]
Adding file '/home/ise/Documents/LabSimulacaoRegMux7SegProj/regmux7seg.ucf' to fileset 'constrs_1'
# set hdlfile [add_files [list {../RegisterProj/reg4bits.vhd}]]
# set_property file_type VHDL $hdlfile
# set_property library work $hdlfile
# set hdlfile [add_files [list {../MuxProj/mux2x4.vhd}]]
# set_property file_type VHDL $hdlfile
# set_property library work $hdlfile
# set hdlfile [add_files [list {../Decoder7SegmentDisplayProj/decoder7seg.vhd}]]
# set_property file_type VHDL $hdlfile
# set_property library work $hdlfile
# set hdlfile [add_files [list {regmux7seg.vhd}]]
# set_property file_type VHDL $hdlfile
# set_property library work $hdlfile
# set_property top regmux7seg $srcset
# add_files [list {regmux7seg.ucf}] -fileset [get_property constrset [current_run]]
# open_rtl_design -part xc3s100ecp132-4
Using Verific elaboration
Parsing VHDL file "/opt/Xilinx/14.7/ISE_DS/PlanAhead/data/parts/xilinx/rtl/lib/synplify/synattr.vhd" into library synplify
Parsing VHDL file "/opt/Xilinx/14.7/ISE_DS/PlanAhead/data/parts/xilinx/rtl/lib/synplify/synattr.vhd" into library synplify
Parsing VHDL file "/home/ise/Documents/RegisterProj/reg4bits.vhd" into library work
Parsing VHDL file "/home/ise/Documents/MuxProj/mux2x4.vhd" into library work
Parsing VHDL file "/home/ise/Documents/Decoder7SegmentDisplayProj/decoder7seg.vhd" into library work
Parsing VHDL file "/home/ise/Documents/LabSimulacaoRegMux7SegProj/regmux7seg.vhd" into library work
INFO: [Designutils 20-910] Reading macro library /opt/Xilinx/14.7/ISE_DS/PlanAhead/data/./parts/xilinx/spartan3e/spartan3e/hd_int_macros.edn
Parsing EDIF File [/opt/Xilinx/14.7/ISE_DS/PlanAhead/data/./parts/xilinx/spartan3e/spartan3e/hd_int_macros.edn]
Finished Parsing EDIF File [/opt/Xilinx/14.7/ISE_DS/PlanAhead/data/./parts/xilinx/spartan3e/spartan3e/hd_int_macros.edn]
Loading clock regions from /opt/Xilinx/14.7/ISE_DS/PlanAhead/data/parts/xilinx/spartan3e/spartan3e/xc3s100e/ClockRegion.xml
Loading clock buffers from /opt/Xilinx/14.7/ISE_DS/PlanAhead/data/parts/xilinx/spartan3e/spartan3e/xc3s100e/ClockBuffers.xml
Loading package from /opt/Xilinx/14.7/ISE_DS/PlanAhead/data/parts/xilinx/spartan3e/spartan3e/xc3s100e/cp132/Package.xml
Loading io standards from /opt/Xilinx/14.7/ISE_DS/PlanAhead/data/./parts/xilinx/spartan3e/IOStandards.xml
INFO: [Device 21-19] Loading pkg sso from /opt/Xilinx/14.7/ISE_DS/PlanAhead/data/parts/xilinx/spartan3e/spartan3e/xc3s100e/cp132/SSORules.xml
Loading list of drcs for the architecture : /opt/Xilinx/14.7/ISE_DS/PlanAhead/data/./parts/xilinx/spartan3e/spartan3e/drc.xml
INFO: [Timing 38-77] Reading timing library /opt/Xilinx/14.7/ISE_DS/PlanAhead/data/parts/xilinx/spartan3e/spartan3e/spartan3e-4.lib.
INFO: [Timing 38-34] Done reading timing library /opt/Xilinx/14.7/ISE_DS/PlanAhead/data/parts/xilinx/spartan3e/spartan3e/spartan3e-4.lib.
Parsing UCF File [/home/ise/Documents/LabSimulacaoRegMux7SegProj/regmux7seg.ucf]
Finished Parsing UCF File [/home/ise/Documents/LabSimulacaoRegMux7SegProj/regmux7seg.ucf]
INFO: [Project 1-111] Unisim Transformation Summary:
No Unisim elements were transformed.

Phase 0 | Netlist Checksum: c3215bfc
open_rtl_design: Time (s): cpu = 00:00:12 ; elapsed = 00:00:20 . Memory (MB): peak = 2749.555 ; gain = 77.676
update_compile_order -fileset sim_1
set_property iostandard LVCMOS25 [get_ports [list {DISP_CTRL[3]} {DISP_CTRL[2]} {DISP_CTRL[1]} {DISP_CTRL[0]}]]
exit
ERROR: [#UNDEF] *** Exception: ui.h.b: Found deleted key in HTclEventBroker. Verify if the classes listed here call cleanup()
HTclEvent: SIGNAL_MODIFY   Classes: ui.views.aR 
HTclEvent: DEBUG_CORE_CONFIG_CHANGE   Classes: ui.views.aR 
HTclEvent: SIGNAL_BUS_MODIFY   Classes: ui.views.aR 
HTclEvent: DEBUG_PORT_CONFIG_CHANGE   Classes: ui.views.aR 
 (See /home/ise/Documents/LabSimulacaoRegMux7SegProj/planAhead_pid8491.debug)
ERROR: [Common 17-39] 'stop_gui' failed due to earlier errors.
INFO: [Common 17-206] Exiting PlanAhead at Sat Mar 11 17:20:29 2023...
INFO: [Common 17-83] Releasing license: PlanAhead
